<?xml version="1.0" encoding="UTF-8"?>
<!-- Generated by org.testng.reporters.JUnitXMLReporter -->
<testsuite hostname="DESKTOP-JJTOD7N" ignored="0" name="BankingApp Test" tests="2" failures="0" timestamp="12 Aug 2021 11:01:59 GMT" time="44.03" errors="0">
  <testcase name="loginTest" time="2.084" classname="com.banking.testCases.TC_LoginPageTest_001"/>
  <testcase name="addNewCustomer" time="16.212" classname="com.banking.testCases.TC_AddNewCustomerTest_003"/>
</testsuite> <!-- BankingApp Test -->
