<?xml version="1.0" encoding="UTF-8"?>
<testng-results skipped="0" failed="0" ignored="0" total="2" passed="2">
  <reporter-output>
  </reporter-output>
  <suite name="Banking_v1" duration-ms="44030" started-at="2021-08-12T11:01:15Z" finished-at="2021-08-12T11:01:59Z">
    <groups>
    </groups>
    <test name="BankingApp Test" duration-ms="44030" started-at="2021-08-12T11:01:15Z" finished-at="2021-08-12T11:01:59Z">
      <class name="com.banking.testCases.TC_AddNewCustomerTest_003">
        <test-method status="PASS" signature="setUp(java.lang.String)[pri:0, instance:com.banking.testCases.TC_AddNewCustomerTest_003@6ea12c19]" name="setUp" is-config="true" duration-ms="6602" started-at="2021-08-12T11:01:35Z" finished-at="2021-08-12T11:01:42Z">
          <params>
            <param index="0">
              <value>
                <![CDATA[chrome]]>
              </value>
            </param>
          </params>
          <reporter-output>
          </reporter-output>
        </test-method> <!-- setUp -->
        <test-method status="PASS" signature="addNewCustomer()[pri:0, instance:com.banking.testCases.TC_AddNewCustomerTest_003@6ea12c19]" name="addNewCustomer" duration-ms="16212" started-at="2021-08-12T11:01:42Z" finished-at="2021-08-12T11:01:58Z">
          <reporter-output>
          </reporter-output>
        </test-method> <!-- addNewCustomer -->
        <test-method status="PASS" signature="tearDown()[pri:0, instance:com.banking.testCases.TC_AddNewCustomerTest_003@6ea12c19]" name="tearDown" is-config="true" duration-ms="727" started-at="2021-08-12T11:01:58Z" finished-at="2021-08-12T11:01:59Z">
          <reporter-output>
          </reporter-output>
        </test-method> <!-- tearDown -->
      </class> <!-- com.banking.testCases.TC_AddNewCustomerTest_003 -->
      <class name="com.banking.testCases.TC_LoginPageTest_001">
        <test-method status="PASS" signature="setUp(java.lang.String)[pri:0, instance:com.banking.testCases.TC_LoginPageTest_001@5afa04c]" name="setUp" is-config="true" duration-ms="17243" started-at="2021-08-12T11:01:15Z" finished-at="2021-08-12T11:01:32Z">
          <params>
            <param index="0">
              <value>
                <![CDATA[chrome]]>
              </value>
            </param>
          </params>
          <reporter-output>
          </reporter-output>
        </test-method> <!-- setUp -->
        <test-method status="PASS" signature="loginTest()[pri:0, instance:com.banking.testCases.TC_LoginPageTest_001@5afa04c]" name="loginTest" duration-ms="2084" started-at="2021-08-12T11:01:32Z" finished-at="2021-08-12T11:01:34Z">
          <reporter-output>
          </reporter-output>
        </test-method> <!-- loginTest -->
        <test-method status="PASS" signature="tearDown()[pri:0, instance:com.banking.testCases.TC_LoginPageTest_001@5afa04c]" name="tearDown" is-config="true" duration-ms="774" started-at="2021-08-12T11:01:34Z" finished-at="2021-08-12T11:01:35Z">
          <reporter-output>
          </reporter-output>
        </test-method> <!-- tearDown -->
      </class> <!-- com.banking.testCases.TC_LoginPageTest_001 -->
    </test> <!-- BankingApp Test -->
  </suite> <!-- Banking_v1 -->
</testng-results>
